-------------------------------------------------------------------------------
Test set: demCI.OperationsTest
-------------------------------------------------------------------------------
Tests run: 6, Failures: 1, Errors: 0, Skipped: 0, Time elapsed: 0.072 s <<< FAILURE! - in demCI.OperationsTest
testDivision  Time elapsed: 0.017 s  <<< FAILURE!
org.opentest4j.AssertionFailedError: expected: <2> but was: <1>
	at demCI.OperationsTest.testDivision(OperationsTest.java:43)

