-------------------------------------------------------------------------------
Test set: demCI.MathTest
-------------------------------------------------------------------------------
Tests run: 1, Failures: 1, Errors: 0, Skipped: 0, Time elapsed: 0.053 s <<< FAILURE! - in demCI.MathTest
testSuma  Time elapsed: 0.036 s  <<< FAILURE!
org.opentest4j.AssertionFailedError: expected: <5> but was: <4>
	at demCI.MathTest.testSuma(MathTest.java:18)

